[0.523s] Invoking command in '/home/cecilia/Documentos/github/meu_workspace/src/ponderada_cecilia': PYTHONPATH=/home/cecilia/Documentos/github/meu_workspace/build/ponderada_cecilia/prefix_override:/home/cecilia/Documentos/github/meu_workspace/install/ponderada_cecilia/lib/python3.10/site-packages:${PYTHONPATH} /usr/bin/python3 -W ignore:setup.py install is deprecated setup.py egg_info --egg-base ../../build/ponderada_cecilia build --build-base /home/cecilia/Documentos/github/meu_workspace/build/ponderada_cecilia/build install --record /home/cecilia/Documentos/github/meu_workspace/build/ponderada_cecilia/install.log --single-version-externally-managed install_data
[0.718s] running egg_info
[0.718s] writing ../../build/ponderada_cecilia/ponderada_cecilia.egg-info/PKG-INFO
[0.718s] writing dependency_links to ../../build/ponderada_cecilia/ponderada_cecilia.egg-info/dependency_links.txt
[0.718s] writing entry points to ../../build/ponderada_cecilia/ponderada_cecilia.egg-info/entry_points.txt
[0.718s] writing requirements to ../../build/ponderada_cecilia/ponderada_cecilia.egg-info/requires.txt
[0.718s] writing top-level names to ../../build/ponderada_cecilia/ponderada_cecilia.egg-info/top_level.txt
[0.719s] reading manifest file '../../build/ponderada_cecilia/ponderada_cecilia.egg-info/SOURCES.txt'
[0.740s] writing manifest file '../../build/ponderada_cecilia/ponderada_cecilia.egg-info/SOURCES.txt'
[0.740s] running build
[0.740s] running build_py
[0.740s] copying ponderada_cecilia/ponderada.py -> /home/cecilia/Documentos/github/meu_workspace/build/ponderada_cecilia/build/lib/ponderada_cecilia
[0.740s] running install
[0.741s] running install_lib
[0.742s] copying /home/cecilia/Documentos/github/meu_workspace/build/ponderada_cecilia/build/lib/ponderada_cecilia/ponderada.py -> /home/cecilia/Documentos/github/meu_workspace/install/ponderada_cecilia/lib/python3.10/site-packages/ponderada_cecilia
[0.742s] byte-compiling /home/cecilia/Documentos/github/meu_workspace/install/ponderada_cecilia/lib/python3.10/site-packages/ponderada_cecilia/ponderada.py to ponderada.cpython-310.pyc
[0.743s] running install_data
[0.743s] running install_egg_info
[0.745s] removing '/home/cecilia/Documentos/github/meu_workspace/install/ponderada_cecilia/lib/python3.10/site-packages/ponderada_cecilia-0.0.0-py3.10.egg-info' (and everything under it)
[0.745s] Copying ../../build/ponderada_cecilia/ponderada_cecilia.egg-info to /home/cecilia/Documentos/github/meu_workspace/install/ponderada_cecilia/lib/python3.10/site-packages/ponderada_cecilia-0.0.0-py3.10.egg-info
[0.746s] running install_scripts
[0.764s] Installing ponderada script to /home/cecilia/Documentos/github/meu_workspace/install/ponderada_cecilia/lib/ponderada_cecilia
[0.764s] writing list of installed files to '/home/cecilia/Documentos/github/meu_workspace/build/ponderada_cecilia/install.log'
[0.833s] Invoked command in '/home/cecilia/Documentos/github/meu_workspace/src/ponderada_cecilia' returned '0': PYTHONPATH=/home/cecilia/Documentos/github/meu_workspace/build/ponderada_cecilia/prefix_override:/home/cecilia/Documentos/github/meu_workspace/install/ponderada_cecilia/lib/python3.10/site-packages:${PYTHONPATH} /usr/bin/python3 -W ignore:setup.py install is deprecated setup.py egg_info --egg-base ../../build/ponderada_cecilia build --build-base /home/cecilia/Documentos/github/meu_workspace/build/ponderada_cecilia/build install --record /home/cecilia/Documentos/github/meu_workspace/build/ponderada_cecilia/install.log --single-version-externally-managed install_data
