running egg_info
creating ../../build/ponderada_cecilia/ponderada_cecilia.egg-info
writing ../../build/ponderada_cecilia/ponderada_cecilia.egg-info/PKG-INFO
writing dependency_links to ../../build/ponderada_cecilia/ponderada_cecilia.egg-info/dependency_links.txt
writing entry points to ../../build/ponderada_cecilia/ponderada_cecilia.egg-info/entry_points.txt
writing requirements to ../../build/ponderada_cecilia/ponderada_cecilia.egg-info/requires.txt
writing top-level names to ../../build/ponderada_cecilia/ponderada_cecilia.egg-info/top_level.txt
writing manifest file '../../build/ponderada_cecilia/ponderada_cecilia.egg-info/SOURCES.txt'
reading manifest file '../../build/ponderada_cecilia/ponderada_cecilia.egg-info/SOURCES.txt'
writing manifest file '../../build/ponderada_cecilia/ponderada_cecilia.egg-info/SOURCES.txt'
running build
running build_py
creating /home/cecilia/Documentos/github/meu_workspace/build/ponderada_cecilia/build
creating /home/cecilia/Documentos/github/meu_workspace/build/ponderada_cecilia/build/lib
creating /home/cecilia/Documentos/github/meu_workspace/build/ponderada_cecilia/build/lib/ponderada_cecilia
copying ponderada_cecilia/ponderada.py -> /home/cecilia/Documentos/github/meu_workspace/build/ponderada_cecilia/build/lib/ponderada_cecilia
copying ponderada_cecilia/__init__.py -> /home/cecilia/Documentos/github/meu_workspace/build/ponderada_cecilia/build/lib/ponderada_cecilia
running install
running install_lib
creating /home/cecilia/Documentos/github/meu_workspace/install/ponderada_cecilia/lib/python3.10/site-packages/ponderada_cecilia
copying /home/cecilia/Documentos/github/meu_workspace/build/ponderada_cecilia/build/lib/ponderada_cecilia/ponderada.py -> /home/cecilia/Documentos/github/meu_workspace/install/ponderada_cecilia/lib/python3.10/site-packages/ponderada_cecilia
copying /home/cecilia/Documentos/github/meu_workspace/build/ponderada_cecilia/build/lib/ponderada_cecilia/__init__.py -> /home/cecilia/Documentos/github/meu_workspace/install/ponderada_cecilia/lib/python3.10/site-packages/ponderada_cecilia
byte-compiling /home/cecilia/Documentos/github/meu_workspace/install/ponderada_cecilia/lib/python3.10/site-packages/ponderada_cecilia/ponderada.py to ponderada.cpython-310.pyc
byte-compiling /home/cecilia/Documentos/github/meu_workspace/install/ponderada_cecilia/lib/python3.10/site-packages/ponderada_cecilia/__init__.py to __init__.cpython-310.pyc
running install_data
creating /home/cecilia/Documentos/github/meu_workspace/install/ponderada_cecilia/share/ament_index
creating /home/cecilia/Documentos/github/meu_workspace/install/ponderada_cecilia/share/ament_index/resource_index
creating /home/cecilia/Documentos/github/meu_workspace/install/ponderada_cecilia/share/ament_index/resource_index/packages
copying resource/ponderada_cecilia -> /home/cecilia/Documentos/github/meu_workspace/install/ponderada_cecilia/share/ament_index/resource_index/packages
copying package.xml -> /home/cecilia/Documentos/github/meu_workspace/install/ponderada_cecilia/share/ponderada_cecilia
running install_egg_info
Copying ../../build/ponderada_cecilia/ponderada_cecilia.egg-info to /home/cecilia/Documentos/github/meu_workspace/install/ponderada_cecilia/lib/python3.10/site-packages/ponderada_cecilia-0.0.0-py3.10.egg-info
running install_scripts
Installing ponderada script to /home/cecilia/Documentos/github/meu_workspace/install/ponderada_cecilia/lib/ponderada_cecilia
writing list of installed files to '/home/cecilia/Documentos/github/meu_workspace/build/ponderada_cecilia/install.log'
