[1.169s] Invoking command in '/home/cecilia/Documentos/github/meu_workspace/src/ponderada_cecilia': PYTHONPATH=/home/cecilia/Documentos/github/meu_workspace/build/ponderada_cecilia/prefix_override:/home/cecilia/Documentos/github/meu_workspace/install/ponderada_cecilia/lib/python3.10/site-packages:${PYTHONPATH} /usr/bin/python3 -W ignore:setup.py install is deprecated setup.py egg_info --egg-base ../../build/ponderada_cecilia build --build-base /home/cecilia/Documentos/github/meu_workspace/build/ponderada_cecilia/build install --record /home/cecilia/Documentos/github/meu_workspace/build/ponderada_cecilia/install.log --single-version-externally-managed install_data
[1.679s] running egg_info
[1.680s] writing ../../build/ponderada_cecilia/ponderada_cecilia.egg-info/PKG-INFO
[1.681s] writing dependency_links to ../../build/ponderada_cecilia/ponderada_cecilia.egg-info/dependency_links.txt
[1.681s] writing entry points to ../../build/ponderada_cecilia/ponderada_cecilia.egg-info/entry_points.txt
[1.682s] writing requirements to ../../build/ponderada_cecilia/ponderada_cecilia.egg-info/requires.txt
[1.682s] writing top-level names to ../../build/ponderada_cecilia/ponderada_cecilia.egg-info/top_level.txt
[1.684s] reading manifest file '../../build/ponderada_cecilia/ponderada_cecilia.egg-info/SOURCES.txt'
[1.684s] writing manifest file '../../build/ponderada_cecilia/ponderada_cecilia.egg-info/SOURCES.txt'
[1.684s] running build
[1.684s] running build_py
[1.684s] copying ponderada_cecilia/ponderada.py -> /home/cecilia/Documentos/github/meu_workspace/build/ponderada_cecilia/build/lib/ponderada_cecilia
[1.685s] running install
[1.685s] running install_lib
[1.685s] copying /home/cecilia/Documentos/github/meu_workspace/build/ponderada_cecilia/build/lib/ponderada_cecilia/ponderada.py -> /home/cecilia/Documentos/github/meu_workspace/install/ponderada_cecilia/lib/python3.10/site-packages/ponderada_cecilia
[1.685s] byte-compiling /home/cecilia/Documentos/github/meu_workspace/install/ponderada_cecilia/lib/python3.10/site-packages/ponderada_cecilia/ponderada.py to ponderada.cpython-310.pyc
[1.686s] Sorry: IndentationError: expected an indented block after function definition on line 49 (ponderada.py, line 50)
[1.686s] running install_data
[1.686s] running install_egg_info
[1.691s] removing '/home/cecilia/Documentos/github/meu_workspace/install/ponderada_cecilia/lib/python3.10/site-packages/ponderada_cecilia-0.0.0-py3.10.egg-info' (and everything under it)
[1.692s] Copying ../../build/ponderada_cecilia/ponderada_cecilia.egg-info to /home/cecilia/Documentos/github/meu_workspace/install/ponderada_cecilia/lib/python3.10/site-packages/ponderada_cecilia-0.0.0-py3.10.egg-info
[1.692s] running install_scripts
[1.731s] Installing ponderada script to /home/cecilia/Documentos/github/meu_workspace/install/ponderada_cecilia/lib/ponderada_cecilia
[1.731s] writing list of installed files to '/home/cecilia/Documentos/github/meu_workspace/build/ponderada_cecilia/install.log'
[1.773s] Invoked command in '/home/cecilia/Documentos/github/meu_workspace/src/ponderada_cecilia' returned '0': PYTHONPATH=/home/cecilia/Documentos/github/meu_workspace/build/ponderada_cecilia/prefix_override:/home/cecilia/Documentos/github/meu_workspace/install/ponderada_cecilia/lib/python3.10/site-packages:${PYTHONPATH} /usr/bin/python3 -W ignore:setup.py install is deprecated setup.py egg_info --egg-base ../../build/ponderada_cecilia build --build-base /home/cecilia/Documentos/github/meu_workspace/build/ponderada_cecilia/build install --record /home/cecilia/Documentos/github/meu_workspace/build/ponderada_cecilia/install.log --single-version-externally-managed install_data
