[0.561s] Invoking command in '/home/cecilia/Documentos/github/meu_workspace/src/ponderada_cecilia': PYTHONPATH=/home/cecilia/Documentos/github/meu_workspace/build/ponderada_cecilia/prefix_override:/home/cecilia/Documentos/github/meu_workspace/install/ponderada_cecilia/lib/python3.10/site-packages:${PYTHONPATH} /usr/bin/python3 -W ignore:setup.py install is deprecated setup.py egg_info --egg-base ../../build/ponderada_cecilia build --build-base /home/cecilia/Documentos/github/meu_workspace/build/ponderada_cecilia/build install --record /home/cecilia/Documentos/github/meu_workspace/build/ponderada_cecilia/install.log --single-version-externally-managed install_data
[0.763s] running egg_info
[0.763s] writing ../../build/ponderada_cecilia/ponderada_cecilia.egg-info/PKG-INFO
[0.763s] writing dependency_links to ../../build/ponderada_cecilia/ponderada_cecilia.egg-info/dependency_links.txt
[0.763s] writing entry points to ../../build/ponderada_cecilia/ponderada_cecilia.egg-info/entry_points.txt
[0.764s] writing requirements to ../../build/ponderada_cecilia/ponderada_cecilia.egg-info/requires.txt
[0.764s] writing top-level names to ../../build/ponderada_cecilia/ponderada_cecilia.egg-info/top_level.txt
[0.765s] reading manifest file '../../build/ponderada_cecilia/ponderada_cecilia.egg-info/SOURCES.txt'
[0.785s] writing manifest file '../../build/ponderada_cecilia/ponderada_cecilia.egg-info/SOURCES.txt'
[0.785s] running build
[0.786s] running build_py
[0.786s] copying ponderada_cecilia/ponderada.py -> /home/cecilia/Documentos/github/meu_workspace/build/ponderada_cecilia/build/lib/ponderada_cecilia
[0.787s] running install
[0.787s] running install_lib
[0.787s] copying /home/cecilia/Documentos/github/meu_workspace/build/ponderada_cecilia/build/lib/ponderada_cecilia/ponderada.py -> /home/cecilia/Documentos/github/meu_workspace/install/ponderada_cecilia/lib/python3.10/site-packages/ponderada_cecilia
[0.787s] byte-compiling /home/cecilia/Documentos/github/meu_workspace/install/ponderada_cecilia/lib/python3.10/site-packages/ponderada_cecilia/ponderada.py to ponderada.cpython-310.pyc
[0.787s] Sorry: IndentationError: expected an indented block after 'while' statement on line 34 (ponderada.py, line 35)
[0.787s] running install_data
[0.787s] running install_egg_info
[0.787s] removing '/home/cecilia/Documentos/github/meu_workspace/install/ponderada_cecilia/lib/python3.10/site-packages/ponderada_cecilia-0.0.0-py3.10.egg-info' (and everything under it)
[0.788s] Copying ../../build/ponderada_cecilia/ponderada_cecilia.egg-info to /home/cecilia/Documentos/github/meu_workspace/install/ponderada_cecilia/lib/python3.10/site-packages/ponderada_cecilia-0.0.0-py3.10.egg-info
[0.788s] running install_scripts
[0.802s] Installing ponderada script to /home/cecilia/Documentos/github/meu_workspace/install/ponderada_cecilia/lib/ponderada_cecilia
[0.802s] writing list of installed files to '/home/cecilia/Documentos/github/meu_workspace/build/ponderada_cecilia/install.log'
[0.869s] Invoked command in '/home/cecilia/Documentos/github/meu_workspace/src/ponderada_cecilia' returned '0': PYTHONPATH=/home/cecilia/Documentos/github/meu_workspace/build/ponderada_cecilia/prefix_override:/home/cecilia/Documentos/github/meu_workspace/install/ponderada_cecilia/lib/python3.10/site-packages:${PYTHONPATH} /usr/bin/python3 -W ignore:setup.py install is deprecated setup.py egg_info --egg-base ../../build/ponderada_cecilia build --build-base /home/cecilia/Documentos/github/meu_workspace/build/ponderada_cecilia/build install --record /home/cecilia/Documentos/github/meu_workspace/build/ponderada_cecilia/install.log --single-version-externally-managed install_data
