[0.458s] Invoking command in '/home/cecilia/Documentos/github/meu_workspace/build/turtlesim': CMAKE_PREFIX_PATH=${CMAKE_PREFIX_PATH}:/home/cecilia/Documentos/github/meu_workspace/install/ponderada_cecilia:/opt/ros/humble /usr/bin/cmake --build /home/cecilia/Documentos/github/meu_workspace/build/turtlesim -- -j8 -l8
[0.555s] [ 10%] Built target turtlesim__rosidl_generator_c
[0.558s] [ 11%] Built target turtlesim__cpp
[0.576s] [ 11%] Built target ament_cmake_python_copy_turtlesim
[0.609s] [ 21%] Built target turtlesim__rosidl_typesupport_c
[0.611s] [ 31%] Built target turtlesim__rosidl_typesupport_introspection_c
[0.625s] [ 41%] Built target turtlesim__rosidl_typesupport_fastrtps_c
[0.632s] [ 51%] Built target turtlesim__rosidl_typesupport_fastrtps_cpp
[0.635s] [ 61%] Built target turtlesim__rosidl_typesupport_cpp
[0.656s] [ 71%] Built target turtlesim__rosidl_typesupport_introspection_cpp
[0.703s] [ 73%] Built target draw_square
[0.706s] [ 73%] Built target turtlesim
[0.709s] [ 75%] Built target turtle_teleop_key
[0.714s] [ 81%] Built target turtlesim_node
[0.721s] [ 83%] Built target mimic
[0.745s] [ 84%] Built target turtlesim__py
[0.791s] [ 93%] Built target turtlesim__rosidl_generator_py
[0.831s] [ 95%] Built target turtlesim__rosidl_typesupport_fastrtps_c__pyext
[0.835s] [ 97%] Built target turtlesim__rosidl_typesupport_c__pyext
[0.842s] [100%] Built target turtlesim__rosidl_typesupport_introspection_c__pyext
[1.057s] running egg_info
[1.059s] writing turtlesim.egg-info/PKG-INFO
[1.059s] writing dependency_links to turtlesim.egg-info/dependency_links.txt
[1.059s] writing top-level names to turtlesim.egg-info/top_level.txt
[1.063s] reading manifest file 'turtlesim.egg-info/SOURCES.txt'
[1.064s] writing manifest file 'turtlesim.egg-info/SOURCES.txt'
[1.112s] [100%] Built target ament_cmake_python_build_turtlesim_egg
[1.138s] Invoked command in '/home/cecilia/Documentos/github/meu_workspace/build/turtlesim' returned '0': CMAKE_PREFIX_PATH=${CMAKE_PREFIX_PATH}:/home/cecilia/Documentos/github/meu_workspace/install/ponderada_cecilia:/opt/ros/humble /usr/bin/cmake --build /home/cecilia/Documentos/github/meu_workspace/build/turtlesim -- -j8 -l8
[1.546s] Invoking command in '/home/cecilia/Documentos/github/meu_workspace/build/turtlesim': CMAKE_PREFIX_PATH=${CMAKE_PREFIX_PATH}:/home/cecilia/Documentos/github/meu_workspace/install/ponderada_cecilia:/opt/ros/humble /usr/bin/cmake --install /home/cecilia/Documentos/github/meu_workspace/build/turtlesim
[1.561s] -- Install configuration: ""
[1.561s] -- Up-to-date: /home/cecilia/Documentos/github/meu_workspace/install/turtlesim/share/ament_index/resource_index/rosidl_interfaces/turtlesim
[1.562s] -- Up-to-date: /home/cecilia/Documentos/github/meu_workspace/install/turtlesim/include/turtlesim/turtlesim
[1.562s] -- Up-to-date: /home/cecilia/Documentos/github/meu_workspace/install/turtlesim/include/turtlesim/turtlesim/msg
[1.562s] -- Up-to-date: /home/cecilia/Documentos/github/meu_workspace/install/turtlesim/include/turtlesim/turtlesim/msg/color.h
[1.562s] -- Up-to-date: /home/cecilia/Documentos/github/meu_workspace/install/turtlesim/include/turtlesim/turtlesim/msg/rosidl_generator_c__visibility_control.h
[1.563s] -- Up-to-date: /home/cecilia/Documentos/github/meu_workspace/install/turtlesim/include/turtlesim/turtlesim/msg/detail
[1.563s] -- Up-to-date: /home/cecilia/Documentos/github/meu_workspace/install/turtlesim/include/turtlesim/turtlesim/msg/detail/pose__struct.h
[1.564s] -- Up-to-date: /home/cecilia/Documentos/github/meu_workspace/install/turtlesim/include/turtlesim/turtlesim/msg/detail/color__functions.c
[1.564s] -- Up-to-date: /home/cecilia/Documentos/github/meu_workspace/install/turtlesim/include/turtlesim/turtlesim/msg/detail/pose__type_support.h
[1.564s] -- Up-to-date: /home/cecilia/Documentos/github/meu_workspace/install/turtlesim/include/turtlesim/turtlesim/msg/detail/color__functions.h
[1.564s] -- Up-to-date: /home/cecilia/Documentos/github/meu_workspace/install/turtlesim/include/turtlesim/turtlesim/msg/detail/pose__functions.h
[1.564s] -- Up-to-date: /home/cecilia/Documentos/github/meu_workspace/install/turtlesim/include/turtlesim/turtlesim/msg/detail/pose__functions.c
[1.564s] -- Up-to-date: /home/cecilia/Documentos/github/meu_workspace/install/turtlesim/include/turtlesim/turtlesim/msg/detail/color__type_support.h
[1.565s] -- Up-to-date: /home/cecilia/Documentos/github/meu_workspace/install/turtlesim/include/turtlesim/turtlesim/msg/detail/color__struct.h
[1.565s] -- Up-to-date: /home/cecilia/Documentos/github/meu_workspace/install/turtlesim/include/turtlesim/turtlesim/msg/pose.h
[1.565s] -- Up-to-date: /home/cecilia/Documentos/github/meu_workspace/install/turtlesim/include/turtlesim/turtlesim/srv
[1.565s] -- Up-to-date: /home/cecilia/Documentos/github/meu_workspace/install/turtlesim/include/turtlesim/turtlesim/srv/teleport_absolute.h
[1.566s] -- Up-to-date: /home/cecilia/Documentos/github/meu_workspace/install/turtlesim/include/turtlesim/turtlesim/srv/detail
[1.566s] -- Up-to-date: /home/cecilia/Documentos/github/meu_workspace/install/turtlesim/include/turtlesim/turtlesim/srv/detail/teleport_absolute__type_support.h
[1.566s] -- Up-to-date: /home/cecilia/Documentos/github/meu_workspace/install/turtlesim/include/turtlesim/turtlesim/srv/detail/kill__type_support.h
[1.566s] -- Up-to-date: /home/cecilia/Documentos/github/meu_workspace/install/turtlesim/include/turtlesim/turtlesim/srv/detail/kill__functions.c
[1.566s] -- Up-to-date: /home/cecilia/Documentos/github/meu_workspace/install/turtlesim/include/turtlesim/turtlesim/srv/detail/spawn__struct.h
[1.566s] -- Up-to-date: /home/cecilia/Documentos/github/meu_workspace/install/turtlesim/include/turtlesim/turtlesim/srv/detail/set_pen__functions.c
[1.566s] -- Up-to-date: /home/cecilia/Documentos/github/meu_workspace/install/turtlesim/include/turtlesim/turtlesim/srv/detail/set_pen__functions.h
[1.567s] -- Up-to-date: /home/cecilia/Documentos/github/meu_workspace/install/turtlesim/include/turtlesim/turtlesim/srv/detail/teleport_absolute__struct.h
[1.567s] -- Up-to-date: /home/cecilia/Documentos/github/meu_workspace/install/turtlesim/include/turtlesim/turtlesim/srv/detail/set_pen__type_support.h
[1.567s] -- Up-to-date: /home/cecilia/Documentos/github/meu_workspace/install/turtlesim/include/turtlesim/turtlesim/srv/detail/teleport_relative__functions.c
[1.568s] -- Up-to-date: /home/cecilia/Documentos/github/meu_workspace/install/turtlesim/include/turtlesim/turtlesim/srv/detail/teleport_relative__type_support.h
[1.568s] -- Up-to-date: /home/cecilia/Documentos/github/meu_workspace/install/turtlesim/include/turtlesim/turtlesim/srv/detail/spawn__type_support.h
[1.568s] -- Up-to-date: /home/cecilia/Documentos/github/meu_workspace/install/turtlesim/include/turtlesim/turtlesim/srv/detail/kill__struct.h
[1.569s] -- Up-to-date: /home/cecilia/Documentos/github/meu_workspace/install/turtlesim/include/turtlesim/turtlesim/srv/detail/teleport_absolute__functions.h
[1.569s] -- Up-to-date: /home/cecilia/Documentos/github/meu_workspace/install/turtlesim/include/turtlesim/turtlesim/srv/detail/spawn__functions.c
[1.569s] -- Up-to-date: /home/cecilia/Documentos/github/meu_workspace/install/turtlesim/include/turtlesim/turtlesim/srv/detail/teleport_relative__struct.h
[1.570s] -- Up-to-date: /home/cecilia/Documentos/github/meu_workspace/install/turtlesim/include/turtlesim/turtlesim/srv/detail/teleport_absolute__functions.c
[1.570s] -- Up-to-date: /home/cecilia/Documentos/github/meu_workspace/install/turtlesim/include/turtlesim/turtlesim/srv/detail/teleport_relative__functions.h
[1.570s] -- Up-to-date: /home/cecilia/Documentos/github/meu_workspace/install/turtlesim/include/turtlesim/turtlesim/srv/detail/spawn__functions.h
[1.571s] -- Up-to-date: /home/cecilia/Documentos/github/meu_workspace/install/turtlesim/include/turtlesim/turtlesim/srv/detail/set_pen__struct.h
[1.571s] -- Up-to-date: /home/cecilia/Documentos/github/meu_workspace/install/turtlesim/include/turtlesim/turtlesim/srv/detail/kill__functions.h
[1.571s] -- Up-to-date: /home/cecilia/Documentos/github/meu_workspace/install/turtlesim/include/turtlesim/turtlesim/srv/teleport_relative.h
[1.571s] -- Up-to-date: /home/cecilia/Documentos/github/meu_workspace/install/turtlesim/include/turtlesim/turtlesim/srv/set_pen.h
[1.572s] -- Up-to-date: /home/cecilia/Documentos/github/meu_workspace/install/turtlesim/include/turtlesim/turtlesim/srv/kill.h
[1.572s] -- Up-to-date: /home/cecilia/Documentos/github/meu_workspace/install/turtlesim/include/turtlesim/turtlesim/srv/spawn.h
[1.572s] -- Up-to-date: /home/cecilia/Documentos/github/meu_workspace/install/turtlesim/include/turtlesim/turtlesim/action
[1.573s] -- Up-to-date: /home/cecilia/Documentos/github/meu_workspace/install/turtlesim/include/turtlesim/turtlesim/action/rotate_absolute.h
[1.573s] -- Up-to-date: /home/cecilia/Documentos/github/meu_workspace/install/turtlesim/include/turtlesim/turtlesim/action/detail
[1.573s] -- Up-to-date: /home/cecilia/Documentos/github/meu_workspace/install/turtlesim/include/turtlesim/turtlesim/action/detail/rotate_absolute__struct.h
[1.574s] -- Up-to-date: /home/cecilia/Documentos/github/meu_workspace/install/turtlesim/include/turtlesim/turtlesim/action/detail/rotate_absolute__type_support.h
[1.574s] -- Up-to-date: /home/cecilia/Documentos/github/meu_workspace/install/turtlesim/include/turtlesim/turtlesim/action/detail/rotate_absolute__functions.c
[1.574s] -- Up-to-date: /home/cecilia/Documentos/github/meu_workspace/install/turtlesim/include/turtlesim/turtlesim/action/detail/rotate_absolute__functions.h
[1.574s] -- Up-to-date: /home/cecilia/Documentos/github/meu_workspace/install/turtlesim/share/turtlesim/environment/library_path.sh
[1.574s] -- Up-to-date: /home/cecilia/Documentos/github/meu_workspace/install/turtlesim/share/turtlesim/environment/library_path.dsv
[1.575s] -- Up-to-date: /home/cecilia/Documentos/github/meu_workspace/install/turtlesim/lib/libturtlesim__rosidl_generator_c.so
[1.575s] -- Up-to-date: /home/cecilia/Documentos/github/meu_workspace/install/turtlesim/include/turtlesim/turtlesim
[1.575s] -- Up-to-date: /home/cecilia/Documentos/github/meu_workspace/install/turtlesim/include/turtlesim/turtlesim/msg
[1.575s] -- Up-to-date: /home/cecilia/Documentos/github/meu_workspace/install/turtlesim/include/turtlesim/turtlesim/msg/rosidl_typesupport_fastrtps_c__visibility_control.h
[1.575s] -- Up-to-date: /home/cecilia/Documentos/github/meu_workspace/install/turtlesim/include/turtlesim/turtlesim/msg/detail
[1.576s] -- Up-to-date: /home/cecilia/Documentos/github/meu_workspace/install/turtlesim/include/turtlesim/turtlesim/msg/detail/color__rosidl_typesupport_fastrtps_c.h
[1.576s] -- Up-to-date: /home/cecilia/Documentos/github/meu_workspace/install/turtlesim/include/turtlesim/turtlesim/msg/detail/pose__rosidl_typesupport_fastrtps_c.h
[1.576s] -- Up-to-date: /home/cecilia/Documentos/github/meu_workspace/install/turtlesim/include/turtlesim/turtlesim/srv
[1.576s] -- Up-to-date: /home/cecilia/Documentos/github/meu_workspace/install/turtlesim/include/turtlesim/turtlesim/srv/detail
[1.577s] -- Up-to-date: /home/cecilia/Documentos/github/meu_workspace/install/turtlesim/include/turtlesim/turtlesim/srv/detail/teleport_absolute__rosidl_typesupport_fastrtps_c.h
[1.577s] -- Up-to-date: /home/cecilia/Documentos/github/meu_workspace/install/turtlesim/include/turtlesim/turtlesim/srv/detail/spawn__rosidl_typesupport_fastrtps_c.h
[1.577s] -- Up-to-date: /home/cecilia/Documentos/github/meu_workspace/install/turtlesim/include/turtlesim/turtlesim/srv/detail/kill__rosidl_typesupport_fastrtps_c.h
[1.577s] -- Up-to-date: /home/cecilia/Documentos/github/meu_workspace/install/turtlesim/include/turtlesim/turtlesim/srv/detail/teleport_relative__rosidl_typesupport_fastrtps_c.h
[1.577s] -- Up-to-date: /home/cecilia/Documentos/github/meu_workspace/install/turtlesim/include/turtlesim/turtlesim/srv/detail/set_pen__rosidl_typesupport_fastrtps_c.h
[1.578s] -- Up-to-date: /home/cecilia/Documentos/github/meu_workspace/install/turtlesim/include/turtlesim/turtlesim/action
[1.578s] -- Up-to-date: /home/cecilia/Documentos/github/meu_workspace/install/turtlesim/include/turtlesim/turtlesim/action/detail
[1.578s] -- Up-to-date: /home/cecilia/Documentos/github/meu_workspace/install/turtlesim/include/turtlesim/turtlesim/action/detail/rotate_absolute__rosidl_typesupport_fastrtps_c.h
[1.578s] -- Up-to-date: /home/cecilia/Documentos/github/meu_workspace/install/turtlesim/lib/libturtlesim__rosidl_typesupport_fastrtps_c.so
[1.578s] -- Up-to-date: /home/cecilia/Documentos/github/meu_workspace/install/turtlesim/include/turtlesim/turtlesim
[1.579s] -- Up-to-date: /home/cecilia/Documentos/github/meu_workspace/install/turtlesim/include/turtlesim/turtlesim/msg
[1.579s] -- Up-to-date: /home/cecilia/Documentos/github/meu_workspace/install/turtlesim/include/turtlesim/turtlesim/msg/pose.hpp
[1.579s] -- Up-to-date: /home/cecilia/Documentos/github/meu_workspace/install/turtlesim/include/turtlesim/turtlesim/msg/color.hpp
[1.579s] -- Up-to-date: /home/cecilia/Documentos/github/meu_workspace/install/turtlesim/include/turtlesim/turtlesim/msg/detail
[1.580s] -- Up-to-date: /home/cecilia/Documentos/github/meu_workspace/install/turtlesim/include/turtlesim/turtlesim/msg/detail/color__traits.hpp
[1.580s] -- Up-to-date: /home/cecilia/Documentos/github/meu_workspace/install/turtlesim/include/turtlesim/turtlesim/msg/detail/pose__builder.hpp
[1.580s] -- Up-to-date: /home/cecilia/Documentos/github/meu_workspace/install/turtlesim/include/turtlesim/turtlesim/msg/detail/pose__struct.hpp
[1.580s] -- Up-to-date: /home/cecilia/Documentos/github/meu_workspace/install/turtlesim/include/turtlesim/turtlesim/msg/detail/pose__traits.hpp
[1.581s] -- Up-to-date: /home/cecilia/Documentos/github/meu_workspace/install/turtlesim/include/turtlesim/turtlesim/msg/detail/color__struct.hpp
[1.581s] -- Up-to-date: /home/cecilia/Documentos/github/meu_workspace/install/turtlesim/include/turtlesim/turtlesim/msg/detail/color__builder.hpp
[1.581s] -- Up-to-date: /home/cecilia/Documentos/github/meu_workspace/install/turtlesim/include/turtlesim/turtlesim/srv
[1.581s] -- Up-to-date: /home/cecilia/Documentos/github/meu_workspace/install/turtlesim/include/turtlesim/turtlesim/srv/set_pen.hpp
[1.582s] -- Up-to-date: /home/cecilia/Documentos/github/meu_workspace/install/turtlesim/include/turtlesim/turtlesim/srv/teleport_absolute.hpp
[1.582s] -- Up-to-date: /home/cecilia/Documentos/github/meu_workspace/install/turtlesim/include/turtlesim/turtlesim/srv/spawn.hpp
[1.582s] -- Up-to-date: /home/cecilia/Documentos/github/meu_workspace/install/turtlesim/include/turtlesim/turtlesim/srv/detail
[1.582s] -- Up-to-date: /home/cecilia/Documentos/github/meu_workspace/install/turtlesim/include/turtlesim/turtlesim/srv/detail/kill__traits.hpp
[1.582s] -- Up-to-date: /home/cecilia/Documentos/github/meu_workspace/install/turtlesim/include/turtlesim/turtlesim/srv/detail/spawn__struct.hpp
[1.583s] -- Up-to-date: /home/cecilia/Documentos/github/meu_workspace/install/turtlesim/include/turtlesim/turtlesim/srv/detail/set_pen__struct.hpp
[1.583s] -- Up-to-date: /home/cecilia/Documentos/github/meu_workspace/install/turtlesim/include/turtlesim/turtlesim/srv/detail/set_pen__traits.hpp
[1.583s] -- Up-to-date: /home/cecilia/Documentos/github/meu_workspace/install/turtlesim/include/turtlesim/turtlesim/srv/detail/kill__struct.hpp
[1.583s] -- Up-to-date: /home/cecilia/Documentos/github/meu_workspace/install/turtlesim/include/turtlesim/turtlesim/srv/detail/teleport_absolute__traits.hpp
[1.583s] -- Up-to-date: /home/cecilia/Documentos/github/meu_workspace/install/turtlesim/include/turtlesim/turtlesim/srv/detail/spawn__builder.hpp
[1.583s] -- Up-to-date: /home/cecilia/Documentos/github/meu_workspace/install/turtlesim/include/turtlesim/turtlesim/srv/detail/spawn__traits.hpp
[1.583s] -- Up-to-date: /home/cecilia/Documentos/github/meu_workspace/install/turtlesim/include/turtlesim/turtlesim/srv/detail/teleport_absolute__struct.hpp
[1.583s] -- Up-to-date: /home/cecilia/Documentos/github/meu_workspace/install/turtlesim/include/turtlesim/turtlesim/srv/detail/teleport_absolute__builder.hpp
[1.584s] -- Up-to-date: /home/cecilia/Documentos/github/meu_workspace/install/turtlesim/include/turtlesim/turtlesim/srv/detail/teleport_relative__struct.hpp
[1.584s] -- Up-to-date: /home/cecilia/Documentos/github/meu_workspace/install/turtlesim/include/turtlesim/turtlesim/srv/detail/kill__builder.hpp
[1.584s] -- Up-to-date: /home/cecilia/Documentos/github/meu_workspace/install/turtlesim/include/turtlesim/turtlesim/srv/detail/teleport_relative__builder.hpp
[1.584s] -- Up-to-date: /home/cecilia/Documentos/github/meu_workspace/install/turtlesim/include/turtlesim/turtlesim/srv/detail/set_pen__builder.hpp
[1.584s] -- Up-to-date: /home/cecilia/Documentos/github/meu_workspace/install/turtlesim/include/turtlesim/turtlesim/srv/detail/teleport_relative__traits.hpp
[1.584s] -- Up-to-date: /home/cecilia/Documentos/github/meu_workspace/install/turtlesim/include/turtlesim/turtlesim/srv/kill.hpp
[1.584s] -- Up-to-date: /home/cecilia/Documentos/github/meu_workspace/install/turtlesim/include/turtlesim/turtlesim/srv/teleport_relative.hpp
[1.584s] -- Up-to-date: /home/cecilia/Documentos/github/meu_workspace/install/turtlesim/include/turtlesim/turtlesim/action
[1.584s] -- Up-to-date: /home/cecilia/Documentos/github/meu_workspace/install/turtlesim/include/turtlesim/turtlesim/action/rotate_absolute.hpp
[1.585s] -- Up-to-date: /home/cecilia/Documentos/github/meu_workspace/install/turtlesim/include/turtlesim/turtlesim/action/detail
[1.585s] -- Up-to-date: /home/cecilia/Documentos/github/meu_workspace/install/turtlesim/include/turtlesim/turtlesim/action/detail/rotate_absolute__struct.hpp
[1.585s] -- Up-to-date: /home/cecilia/Documentos/github/meu_workspace/install/turtlesim/include/turtlesim/turtlesim/action/detail/rotate_absolute__builder.hpp
[1.585s] -- Up-to-date: /home/cecilia/Documentos/github/meu_workspace/install/turtlesim/include/turtlesim/turtlesim/action/detail/rotate_absolute__traits.hpp
[1.585s] -- Up-to-date: /home/cecilia/Documentos/github/meu_workspace/install/turtlesim/include/turtlesim/turtlesim
[1.585s] -- Up-to-date: /home/cecilia/Documentos/github/meu_workspace/install/turtlesim/include/turtlesim/turtlesim/msg
[1.585s] -- Up-to-date: /home/cecilia/Documentos/github/meu_workspace/install/turtlesim/include/turtlesim/turtlesim/msg/rosidl_typesupport_fastrtps_cpp__visibility_control.h
[1.585s] -- Up-to-date: /home/cecilia/Documentos/github/meu_workspace/install/turtlesim/include/turtlesim/turtlesim/msg/detail
[1.585s] -- Up-to-date: /home/cecilia/Documentos/github/meu_workspace/install/turtlesim/include/turtlesim/turtlesim/msg/detail/pose__rosidl_typesupport_fastrtps_cpp.hpp
[1.586s] -- Up-to-date: /home/cecilia/Documentos/github/meu_workspace/install/turtlesim/include/turtlesim/turtlesim/msg/detail/dds_fastrtps
[1.586s] -- Up-to-date: /home/cecilia/Documentos/github/meu_workspace/install/turtlesim/include/turtlesim/turtlesim/msg/detail/color__rosidl_typesupport_fastrtps_cpp.hpp
[1.586s] -- Up-to-date: /home/cecilia/Documentos/github/meu_workspace/install/turtlesim/include/turtlesim/turtlesim/srv
[1.586s] -- Up-to-date: /home/cecilia/Documentos/github/meu_workspace/install/turtlesim/include/turtlesim/turtlesim/srv/detail
[1.586s] -- Up-to-date: /home/cecilia/Documentos/github/meu_workspace/install/turtlesim/include/turtlesim/turtlesim/srv/detail/teleport_absolute__rosidl_typesupport_fastrtps_cpp.hpp
[1.586s] -- Up-to-date: /home/cecilia/Documentos/github/meu_workspace/install/turtlesim/include/turtlesim/turtlesim/srv/detail/dds_fastrtps
[1.586s] -- Up-to-date: /home/cecilia/Documentos/github/meu_workspace/install/turtlesim/include/turtlesim/turtlesim/srv/detail/kill__rosidl_typesupport_fastrtps_cpp.hpp
[1.586s] -- Up-to-date: /home/cecilia/Documentos/github/meu_workspace/install/turtlesim/include/turtlesim/turtlesim/srv/detail/spawn__rosidl_typesupport_fastrtps_cpp.hpp
[1.586s] -- Up-to-date: /home/cecilia/Documentos/github/meu_workspace/install/turtlesim/include/turtlesim/turtlesim/srv/detail/teleport_relative__rosidl_typesupport_fastrtps_cpp.hpp
[1.586s] -- Up-to-date: /home/cecilia/Documentos/github/meu_workspace/install/turtlesim/include/turtlesim/turtlesim/srv/detail/set_pen__rosidl_typesupport_fastrtps_cpp.hpp
[1.587s] -- Up-to-date: /home/cecilia/Documentos/github/meu_workspace/install/turtlesim/include/turtlesim/turtlesim/action
[1.587s] -- Up-to-date: /home/cecilia/Documentos/github/meu_workspace/install/turtlesim/include/turtlesim/turtlesim/action/detail
[1.587s] -- Up-to-date: /home/cecilia/Documentos/github/meu_workspace/install/turtlesim/include/turtlesim/turtlesim/action/detail/dds_fastrtps
[1.587s] -- Up-to-date: /home/cecilia/Documentos/github/meu_workspace/install/turtlesim/include/turtlesim/turtlesim/action/detail/rotate_absolute__rosidl_typesupport_fastrtps_cpp.hpp
[1.587s] -- Up-to-date: /home/cecilia/Documentos/github/meu_workspace/install/turtlesim/lib/libturtlesim__rosidl_typesupport_fastrtps_cpp.so
[1.587s] -- Up-to-date: /home/cecilia/Documentos/github/meu_workspace/install/turtlesim/include/turtlesim/turtlesim
[1.587s] -- Up-to-date: /home/cecilia/Documentos/github/meu_workspace/install/turtlesim/include/turtlesim/turtlesim/msg
[1.587s] -- Up-to-date: /home/cecilia/Documentos/github/meu_workspace/install/turtlesim/include/turtlesim/turtlesim/msg/detail
[1.587s] -- Up-to-date: /home/cecilia/Documentos/github/meu_workspace/install/turtlesim/include/turtlesim/turtlesim/msg/detail/color__type_support.c
[1.587s] -- Up-to-date: /home/cecilia/Documentos/github/meu_workspace/install/turtlesim/include/turtlesim/turtlesim/msg/detail/pose__type_support.c
[1.588s] -- Up-to-date: /home/cecilia/Documentos/github/meu_workspace/install/turtlesim/include/turtlesim/turtlesim/msg/detail/color__rosidl_typesupport_introspection_c.h
[1.588s] -- Up-to-date: /home/cecilia/Documentos/github/meu_workspace/install/turtlesim/include/turtlesim/turtlesim/msg/detail/pose__rosidl_typesupport_introspection_c.h
[1.588s] -- Up-to-date: /home/cecilia/Documentos/github/meu_workspace/install/turtlesim/include/turtlesim/turtlesim/msg/rosidl_typesupport_introspection_c__visibility_control.h
[1.588s] -- Up-to-date: /home/cecilia/Documentos/github/meu_workspace/install/turtlesim/include/turtlesim/turtlesim/srv
[1.588s] -- Up-to-date: /home/cecilia/Documentos/github/meu_workspace/install/turtlesim/include/turtlesim/turtlesim/srv/detail
[1.588s] -- Up-to-date: /home/cecilia/Documentos/github/meu_workspace/install/turtlesim/include/turtlesim/turtlesim/srv/detail/kill__type_support.c
[1.588s] -- Up-to-date: /home/cecilia/Documentos/github/meu_workspace/install/turtlesim/include/turtlesim/turtlesim/srv/detail/set_pen__rosidl_typesupport_introspection_c.h
[1.588s] -- Up-to-date: /home/cecilia/Documentos/github/meu_workspace/install/turtlesim/include/turtlesim/turtlesim/srv/detail/teleport_absolute__type_support.c
[1.588s] -- Up-to-date: /home/cecilia/Documentos/github/meu_workspace/install/turtlesim/include/turtlesim/turtlesim/srv/detail/spawn__rosidl_typesupport_introspection_c.h
[1.588s] -- Up-to-date: /home/cecilia/Documentos/github/meu_workspace/install/turtlesim/include/turtlesim/turtlesim/srv/detail/teleport_relative__type_support.c
[1.589s] -- Up-to-date: /home/cecilia/Documentos/github/meu_workspace/install/turtlesim/include/turtlesim/turtlesim/srv/detail/teleport_absolute__rosidl_typesupport_introspection_c.h
[1.589s] -- Up-to-date: /home/cecilia/Documentos/github/meu_workspace/install/turtlesim/include/turtlesim/turtlesim/srv/detail/set_pen__type_support.c
[1.589s] -- Up-to-date: /home/cecilia/Documentos/github/meu_workspace/install/turtlesim/include/turtlesim/turtlesim/srv/detail/teleport_relative__rosidl_typesupport_introspection_c.h
[1.589s] -- Up-to-date: /home/cecilia/Documentos/github/meu_workspace/install/turtlesim/include/turtlesim/turtlesim/srv/detail/kill__rosidl_typesupport_introspection_c.h
[1.589s] -- Up-to-date: /home/cecilia/Documentos/github/meu_workspace/install/turtlesim/include/turtlesim/turtlesim/srv/detail/spawn__type_support.c
[1.589s] -- Up-to-date: /home/cecilia/Documentos/github/meu_workspace/install/turtlesim/include/turtlesim/turtlesim/action
[1.589s] -- Up-to-date: /home/cecilia/Documentos/github/meu_workspace/install/turtlesim/include/turtlesim/turtlesim/action/detail
[1.589s] -- Up-to-date: /home/cecilia/Documentos/github/meu_workspace/install/turtlesim/include/turtlesim/turtlesim/action/detail/rotate_absolute__type_support.c
[1.589s] -- Up-to-date: /home/cecilia/Documentos/github/meu_workspace/install/turtlesim/include/turtlesim/turtlesim/action/detail/rotate_absolute__rosidl_typesupport_introspection_c.h
[1.589s] -- Up-to-date: /home/cecilia/Documentos/github/meu_workspace/install/turtlesim/lib/libturtlesim__rosidl_typesupport_introspection_c.so
[1.589s] -- Up-to-date: /home/cecilia/Documentos/github/meu_workspace/install/turtlesim/lib/libturtlesim__rosidl_typesupport_c.so
[1.590s] -- Up-to-date: /home/cecilia/Documentos/github/meu_workspace/install/turtlesim/include/turtlesim/turtlesim
[1.590s] -- Up-to-date: /home/cecilia/Documentos/github/meu_workspace/install/turtlesim/include/turtlesim/turtlesim/msg
[1.590s] -- Up-to-date: /home/cecilia/Documentos/github/meu_workspace/install/turtlesim/include/turtlesim/turtlesim/msg/detail
[1.590s] -- Up-to-date: /home/cecilia/Documentos/github/meu_workspace/install/turtlesim/include/turtlesim/turtlesim/msg/detail/pose__rosidl_typesupport_introspection_cpp.hpp
[1.590s] -- Up-to-date: /home/cecilia/Documentos/github/meu_workspace/install/turtlesim/include/turtlesim/turtlesim/msg/detail/color__type_support.cpp
[1.590s] -- Up-to-date: /home/cecilia/Documentos/github/meu_workspace/install/turtlesim/include/turtlesim/turtlesim/msg/detail/color__rosidl_typesupport_introspection_cpp.hpp
[1.590s] -- Up-to-date: /home/cecilia/Documentos/github/meu_workspace/install/turtlesim/include/turtlesim/turtlesim/msg/detail/pose__type_support.cpp
[1.590s] -- Up-to-date: /home/cecilia/Documentos/github/meu_workspace/install/turtlesim/include/turtlesim/turtlesim/srv
[1.591s] -- Up-to-date: /home/cecilia/Documentos/github/meu_workspace/install/turtlesim/include/turtlesim/turtlesim/srv/detail
[1.591s] -- Up-to-date: /home/cecilia/Documentos/github/meu_workspace/install/turtlesim/include/turtlesim/turtlesim/srv/detail/teleport_absolute__type_support.cpp
[1.591s] -- Up-to-date: /home/cecilia/Documentos/github/meu_workspace/install/turtlesim/include/turtlesim/turtlesim/srv/detail/kill__type_support.cpp
[1.591s] -- Up-to-date: /home/cecilia/Documentos/github/meu_workspace/install/turtlesim/include/turtlesim/turtlesim/srv/detail/kill__rosidl_typesupport_introspection_cpp.hpp
[1.591s] -- Up-to-date: /home/cecilia/Documentos/github/meu_workspace/install/turtlesim/include/turtlesim/turtlesim/srv/detail/spawn__rosidl_typesupport_introspection_cpp.hpp
[1.591s] -- Up-to-date: /home/cecilia/Documentos/github/meu_workspace/install/turtlesim/include/turtlesim/turtlesim/srv/detail/set_pen__type_support.cpp
[1.591s] -- Up-to-date: /home/cecilia/Documentos/github/meu_workspace/install/turtlesim/include/turtlesim/turtlesim/srv/detail/teleport_relative__rosidl_typesupport_introspection_cpp.hpp
[1.591s] -- Up-to-date: /home/cecilia/Documentos/github/meu_workspace/install/turtlesim/include/turtlesim/turtlesim/srv/detail/spawn__type_support.cpp
[1.591s] -- Up-to-date: /home/cecilia/Documentos/github/meu_workspace/install/turtlesim/include/turtlesim/turtlesim/srv/detail/teleport_relative__type_support.cpp
[1.591s] -- Up-to-date: /home/cecilia/Documentos/github/meu_workspace/install/turtlesim/include/turtlesim/turtlesim/srv/detail/teleport_absolute__rosidl_typesupport_introspection_cpp.hpp
[1.592s] -- Up-to-date: /home/cecilia/Documentos/github/meu_workspace/install/turtlesim/include/turtlesim/turtlesim/srv/detail/set_pen__rosidl_typesupport_introspection_cpp.hpp
[1.592s] -- Up-to-date: /home/cecilia/Documentos/github/meu_workspace/install/turtlesim/include/turtlesim/turtlesim/action
[1.592s] -- Up-to-date: /home/cecilia/Documentos/github/meu_workspace/install/turtlesim/include/turtlesim/turtlesim/action/detail
[1.592s] -- Up-to-date: /home/cecilia/Documentos/github/meu_workspace/install/turtlesim/include/turtlesim/turtlesim/action/detail/rotate_absolute__type_support.cpp
[1.592s] -- Up-to-date: /home/cecilia/Documentos/github/meu_workspace/install/turtlesim/include/turtlesim/turtlesim/action/detail/rotate_absolute__rosidl_typesupport_introspection_cpp.hpp
[1.592s] -- Up-to-date: /home/cecilia/Documentos/github/meu_workspace/install/turtlesim/lib/libturtlesim__rosidl_typesupport_introspection_cpp.so
[1.592s] -- Up-to-date: /home/cecilia/Documentos/github/meu_workspace/install/turtlesim/lib/libturtlesim__rosidl_typesupport_cpp.so
[1.592s] -- Up-to-date: /home/cecilia/Documentos/github/meu_workspace/install/turtlesim/share/turtlesim/environment/pythonpath.sh
[1.592s] -- Up-to-date: /home/cecilia/Documentos/github/meu_workspace/install/turtlesim/share/turtlesim/environment/pythonpath.dsv
[1.592s] -- Up-to-date: /home/cecilia/Documentos/github/meu_workspace/install/turtlesim/local/lib/python3.10/dist-packages/turtlesim-1.4.2-py3.10.egg-info
[1.593s] -- Installing: /home/cecilia/Documentos/github/meu_workspace/install/turtlesim/local/lib/python3.10/dist-packages/turtlesim-1.4.2-py3.10.egg-info/PKG-INFO
[1.593s] -- Installing: /home/cecilia/Documentos/github/meu_workspace/install/turtlesim/local/lib/python3.10/dist-packages/turtlesim-1.4.2-py3.10.egg-info/SOURCES.txt
[1.593s] -- Installing: /home/cecilia/Documentos/github/meu_workspace/install/turtlesim/local/lib/python3.10/dist-packages/turtlesim-1.4.2-py3.10.egg-info/top_level.txt
[1.593s] -- Installing: /home/cecilia/Documentos/github/meu_workspace/install/turtlesim/local/lib/python3.10/dist-packages/turtlesim-1.4.2-py3.10.egg-info/dependency_links.txt
[1.593s] -- Up-to-date: /home/cecilia/Documentos/github/meu_workspace/install/turtlesim/local/lib/python3.10/dist-packages/turtlesim
[1.593s] -- Up-to-date: /home/cecilia/Documentos/github/meu_workspace/install/turtlesim/local/lib/python3.10/dist-packages/turtlesim/libturtlesim__rosidl_generator_py.so
[1.593s] -- Up-to-date: /home/cecilia/Documentos/github/meu_workspace/install/turtlesim/local/lib/python3.10/dist-packages/turtlesim/_turtlesim_s.ep.rosidl_typesupport_introspection_c.c
[1.593s] -- Up-to-date: /home/cecilia/Documentos/github/meu_workspace/install/turtlesim/local/lib/python3.10/dist-packages/turtlesim/_turtlesim_s.ep.rosidl_typesupport_c.c
[1.593s] -- Up-to-date: /home/cecilia/Documentos/github/meu_workspace/install/turtlesim/local/lib/python3.10/dist-packages/turtlesim/turtlesim_s__rosidl_typesupport_c.cpython-310-x86_64-linux-gnu.so
[1.593s] -- Up-to-date: /home/cecilia/Documentos/github/meu_workspace/install/turtlesim/local/lib/python3.10/dist-packages/turtlesim/turtlesim_s__rosidl_typesupport_introspection_c.cpython-310-x86_64-linux-gnu.so
[1.594s] -- Up-to-date: /home/cecilia/Documentos/github/meu_workspace/install/turtlesim/local/lib/python3.10/dist-packages/turtlesim/msg
[1.594s] -- Up-to-date: /home/cecilia/Documentos/github/meu_workspace/install/turtlesim/local/lib/python3.10/dist-packages/turtlesim/msg/_pose.py
[1.594s] -- Up-to-date: /home/cecilia/Documentos/github/meu_workspace/install/turtlesim/local/lib/python3.10/dist-packages/turtlesim/msg/_color_s.c
[1.594s] -- Up-to-date: /home/cecilia/Documentos/github/meu_workspace/install/turtlesim/local/lib/python3.10/dist-packages/turtlesim/msg/_pose_s.c
[1.594s] -- Up-to-date: /home/cecilia/Documentos/github/meu_workspace/install/turtlesim/local/lib/python3.10/dist-packages/turtlesim/msg/_color.py
[1.594s] -- Up-to-date: /home/cecilia/Documentos/github/meu_workspace/install/turtlesim/local/lib/python3.10/dist-packages/turtlesim/msg/__init__.py
[1.594s] -- Up-to-date: /home/cecilia/Documentos/github/meu_workspace/install/turtlesim/local/lib/python3.10/dist-packages/turtlesim/turtlesim_s__rosidl_typesupport_fastrtps_c.cpython-310-x86_64-linux-gnu.so
[1.594s] -- Up-to-date: /home/cecilia/Documentos/github/meu_workspace/install/turtlesim/local/lib/python3.10/dist-packages/turtlesim/srv
[1.594s] -- Up-to-date: /home/cecilia/Documentos/github/meu_workspace/install/turtlesim/local/lib/python3.10/dist-packages/turtlesim/srv/_kill.py
[1.595s] -- Up-to-date: /home/cecilia/Documentos/github/meu_workspace/install/turtlesim/local/lib/python3.10/dist-packages/turtlesim/srv/_teleport_absolute.py
[1.595s] -- Up-to-date: /home/cecilia/Documentos/github/meu_workspace/install/turtlesim/local/lib/python3.10/dist-packages/turtlesim/srv/_teleport_relative_s.c
[1.595s] -- Up-to-date: /home/cecilia/Documentos/github/meu_workspace/install/turtlesim/local/lib/python3.10/dist-packages/turtlesim/srv/_teleport_absolute_s.c
[1.595s] -- Up-to-date: /home/cecilia/Documentos/github/meu_workspace/install/turtlesim/local/lib/python3.10/dist-packages/turtlesim/srv/_kill_s.c
[1.595s] -- Up-to-date: /home/cecilia/Documentos/github/meu_workspace/install/turtlesim/local/lib/python3.10/dist-packages/turtlesim/srv/_set_pen_s.c
[1.595s] -- Up-to-date: /home/cecilia/Documentos/github/meu_workspace/install/turtlesim/local/lib/python3.10/dist-packages/turtlesim/srv/_spawn.py
[1.595s] -- Up-to-date: /home/cecilia/Documentos/github/meu_workspace/install/turtlesim/local/lib/python3.10/dist-packages/turtlesim/srv/_spawn_s.c
[1.595s] -- Up-to-date: /home/cecilia/Documentos/github/meu_workspace/install/turtlesim/local/lib/python3.10/dist-packages/turtlesim/srv/_teleport_relative.py
[1.595s] -- Up-to-date: /home/cecilia/Documentos/github/meu_workspace/install/turtlesim/local/lib/python3.10/dist-packages/turtlesim/srv/_set_pen.py
[1.595s] -- Up-to-date: /home/cecilia/Documentos/github/meu_workspace/install/turtlesim/local/lib/python3.10/dist-packages/turtlesim/srv/__init__.py
[1.596s] -- Up-to-date: /home/cecilia/Documentos/github/meu_workspace/install/turtlesim/local/lib/python3.10/dist-packages/turtlesim/action
[1.596s] -- Up-to-date: /home/cecilia/Documentos/github/meu_workspace/install/turtlesim/local/lib/python3.10/dist-packages/turtlesim/action/_rotate_absolute_s.c
[1.596s] -- Up-to-date: /home/cecilia/Documentos/github/meu_workspace/install/turtlesim/local/lib/python3.10/dist-packages/turtlesim/action/_rotate_absolute.py
[1.596s] -- Up-to-date: /home/cecilia/Documentos/github/meu_workspace/install/turtlesim/local/lib/python3.10/dist-packages/turtlesim/action/__init__.py
[1.596s] -- Up-to-date: /home/cecilia/Documentos/github/meu_workspace/install/turtlesim/local/lib/python3.10/dist-packages/turtlesim/_turtlesim_s.ep.rosidl_typesupport_fastrtps_c.c
[1.596s] -- Up-to-date: /home/cecilia/Documentos/github/meu_workspace/install/turtlesim/local/lib/python3.10/dist-packages/turtlesim/__init__.py
[1.641s] Listing '/home/cecilia/Documentos/github/meu_workspace/install/turtlesim/local/lib/python3.10/dist-packages/turtlesim'...
[1.641s] Listing '/home/cecilia/Documentos/github/meu_workspace/install/turtlesim/local/lib/python3.10/dist-packages/turtlesim/action'...
[1.641s] Listing '/home/cecilia/Documentos/github/meu_workspace/install/turtlesim/local/lib/python3.10/dist-packages/turtlesim/msg'...
[1.642s] Listing '/home/cecilia/Documentos/github/meu_workspace/install/turtlesim/local/lib/python3.10/dist-packages/turtlesim/srv'...
[1.649s] -- Up-to-date: /home/cecilia/Documentos/github/meu_workspace/install/turtlesim/local/lib/python3.10/dist-packages/turtlesim/turtlesim_s__rosidl_typesupport_fastrtps_c.cpython-310-x86_64-linux-gnu.so
[1.650s] -- Up-to-date: /home/cecilia/Documentos/github/meu_workspace/install/turtlesim/local/lib/python3.10/dist-packages/turtlesim/turtlesim_s__rosidl_typesupport_introspection_c.cpython-310-x86_64-linux-gnu.so
[1.650s] -- Up-to-date: /home/cecilia/Documentos/github/meu_workspace/install/turtlesim/local/lib/python3.10/dist-packages/turtlesim/turtlesim_s__rosidl_typesupport_c.cpython-310-x86_64-linux-gnu.so
[1.651s] -- Up-to-date: /home/cecilia/Documentos/github/meu_workspace/install/turtlesim/lib/libturtlesim__rosidl_generator_py.so
[1.652s] -- Up-to-date: /home/cecilia/Documentos/github/meu_workspace/install/turtlesim/share/turtlesim/action/RotateAbsolute.idl
[1.652s] -- Up-to-date: /home/cecilia/Documentos/github/meu_workspace/install/turtlesim/share/turtlesim/msg/Color.idl
[1.652s] -- Up-to-date: /home/cecilia/Documentos/github/meu_workspace/install/turtlesim/share/turtlesim/msg/Pose.idl
[1.653s] -- Up-to-date: /home/cecilia/Documentos/github/meu_workspace/install/turtlesim/share/turtlesim/srv/Kill.idl
[1.653s] -- Up-to-date: /home/cecilia/Documentos/github/meu_workspace/install/turtlesim/share/turtlesim/srv/SetPen.idl
[1.653s] -- Up-to-date: /home/cecilia/Documentos/github/meu_workspace/install/turtlesim/share/turtlesim/srv/Spawn.idl
[1.653s] -- Up-to-date: /home/cecilia/Documentos/github/meu_workspace/install/turtlesim/share/turtlesim/srv/TeleportAbsolute.idl
[1.653s] -- Up-to-date: /home/cecilia/Documentos/github/meu_workspace/install/turtlesim/share/turtlesim/srv/TeleportRelative.idl
[1.654s] -- Up-to-date: /home/cecilia/Documentos/github/meu_workspace/install/turtlesim/share/turtlesim/action/RotateAbsolute.action
[1.654s] -- Up-to-date: /home/cecilia/Documentos/github/meu_workspace/install/turtlesim/share/turtlesim/msg/Color.msg
[1.654s] -- Up-to-date: /home/cecilia/Documentos/github/meu_workspace/install/turtlesim/share/turtlesim/msg/Pose.msg
[1.654s] -- Up-to-date: /home/cecilia/Documentos/github/meu_workspace/install/turtlesim/share/turtlesim/srv/Kill.srv
[1.655s] -- Up-to-date: /home/cecilia/Documentos/github/meu_workspace/install/turtlesim/share/turtlesim/srv/Kill_Request.msg
[1.655s] -- Up-to-date: /home/cecilia/Documentos/github/meu_workspace/install/turtlesim/share/turtlesim/srv/Kill_Response.msg
[1.655s] -- Up-to-date: /home/cecilia/Documentos/github/meu_workspace/install/turtlesim/share/turtlesim/srv/SetPen.srv
[1.655s] -- Up-to-date: /home/cecilia/Documentos/github/meu_workspace/install/turtlesim/share/turtlesim/srv/SetPen_Request.msg
[1.655s] -- Up-to-date: /home/cecilia/Documentos/github/meu_workspace/install/turtlesim/share/turtlesim/srv/SetPen_Response.msg
[1.656s] -- Up-to-date: /home/cecilia/Documentos/github/meu_workspace/install/turtlesim/share/turtlesim/srv/Spawn.srv
[1.656s] -- Up-to-date: /home/cecilia/Documentos/github/meu_workspace/install/turtlesim/share/turtlesim/srv/Spawn_Request.msg
[1.656s] -- Up-to-date: /home/cecilia/Documentos/github/meu_workspace/install/turtlesim/share/turtlesim/srv/Spawn_Response.msg
[1.657s] -- Up-to-date: /home/cecilia/Documentos/github/meu_workspace/install/turtlesim/share/turtlesim/srv/TeleportAbsolute.srv
[1.657s] -- Up-to-date: /home/cecilia/Documentos/github/meu_workspace/install/turtlesim/share/turtlesim/srv/TeleportAbsolute_Request.msg
[1.658s] -- Up-to-date: /home/cecilia/Documentos/github/meu_workspace/install/turtlesim/share/turtlesim/srv/TeleportAbsolute_Response.msg
[1.658s] -- Up-to-date: /home/cecilia/Documentos/github/meu_workspace/install/turtlesim/share/turtlesim/srv/TeleportRelative.srv
[1.658s] -- Up-to-date: /home/cecilia/Documentos/github/meu_workspace/install/turtlesim/share/turtlesim/srv/TeleportRelative_Request.msg
[1.658s] -- Up-to-date: /home/cecilia/Documentos/github/meu_workspace/install/turtlesim/share/turtlesim/srv/TeleportRelative_Response.msg
[1.658s] -- Up-to-date: /home/cecilia/Documentos/github/meu_workspace/install/turtlesim/lib/turtlesim/turtlesim_node
[1.659s] -- Up-to-date: /home/cecilia/Documentos/github/meu_workspace/install/turtlesim/lib/turtlesim/turtle_teleop_key
[1.659s] -- Up-to-date: /home/cecilia/Documentos/github/meu_workspace/install/turtlesim/lib/turtlesim/draw_square
[1.659s] -- Up-to-date: /home/cecilia/Documentos/github/meu_workspace/install/turtlesim/lib/turtlesim/mimic
[1.659s] -- Up-to-date: /home/cecilia/Documentos/github/meu_workspace/install/turtlesim/share/turtlesim/images
[1.659s] -- Up-to-date: /home/cecilia/Documentos/github/meu_workspace/install/turtlesim/share/turtlesim/images/ardent.png
[1.659s] -- Up-to-date: /home/cecilia/Documentos/github/meu_workspace/install/turtlesim/share/turtlesim/images/crystal.png
[1.660s] -- Up-to-date: /home/cecilia/Documentos/github/meu_workspace/install/turtlesim/share/turtlesim/images/foxy.png
[1.660s] -- Up-to-date: /home/cecilia/Documentos/github/meu_workspace/install/turtlesim/share/turtlesim/images/dashing.png
[1.660s] -- Up-to-date: /home/cecilia/Documentos/github/meu_workspace/install/turtlesim/share/turtlesim/images/bouncy.png
[1.661s] -- Up-to-date: /home/cecilia/Documentos/github/meu_workspace/install/turtlesim/share/turtlesim/images/eloquent.png
[1.661s] -- Up-to-date: /home/cecilia/Documentos/github/meu_workspace/install/turtlesim/share/turtlesim/images/rolling.png
[1.661s] -- Up-to-date: /home/cecilia/Documentos/github/meu_workspace/install/turtlesim/share/turtlesim/images/humble.png
[1.662s] -- Up-to-date: /home/cecilia/Documentos/github/meu_workspace/install/turtlesim/share/turtlesim/images/galactic.png
[1.662s] -- Up-to-date: /home/cecilia/Documentos/github/meu_workspace/install/turtlesim/share/turtlesim/launch
[1.662s] -- Up-to-date: /home/cecilia/Documentos/github/meu_workspace/install/turtlesim/share/turtlesim/launch/multisim.launch.py
[1.662s] -- Up-to-date: /home/cecilia/Documentos/github/meu_workspace/install/turtlesim/share/ament_index/resource_index/package_run_dependencies/turtlesim
[1.663s] -- Up-to-date: /home/cecilia/Documentos/github/meu_workspace/install/turtlesim/share/ament_index/resource_index/parent_prefix_path/turtlesim
[1.663s] -- Up-to-date: /home/cecilia/Documentos/github/meu_workspace/install/turtlesim/share/turtlesim/environment/ament_prefix_path.sh
[1.663s] -- Up-to-date: /home/cecilia/Documentos/github/meu_workspace/install/turtlesim/share/turtlesim/environment/ament_prefix_path.dsv
[1.663s] -- Up-to-date: /home/cecilia/Documentos/github/meu_workspace/install/turtlesim/share/turtlesim/environment/path.sh
[1.664s] -- Up-to-date: /home/cecilia/Documentos/github/meu_workspace/install/turtlesim/share/turtlesim/environment/path.dsv
[1.664s] -- Up-to-date: /home/cecilia/Documentos/github/meu_workspace/install/turtlesim/share/turtlesim/local_setup.bash
[1.664s] -- Up-to-date: /home/cecilia/Documentos/github/meu_workspace/install/turtlesim/share/turtlesim/local_setup.sh
[1.664s] -- Up-to-date: /home/cecilia/Documentos/github/meu_workspace/install/turtlesim/share/turtlesim/local_setup.zsh
[1.664s] -- Up-to-date: /home/cecilia/Documentos/github/meu_workspace/install/turtlesim/share/turtlesim/local_setup.dsv
[1.665s] -- Installing: /home/cecilia/Documentos/github/meu_workspace/install/turtlesim/share/turtlesim/package.dsv
[1.665s] -- Up-to-date: /home/cecilia/Documentos/github/meu_workspace/install/turtlesim/share/ament_index/resource_index/packages/turtlesim
[1.665s] -- Up-to-date: /home/cecilia/Documentos/github/meu_workspace/install/turtlesim/share/turtlesim/cmake/export_turtlesim__rosidl_generator_cExport.cmake
[1.665s] -- Up-to-date: /home/cecilia/Documentos/github/meu_workspace/install/turtlesim/share/turtlesim/cmake/export_turtlesim__rosidl_generator_cExport-noconfig.cmake
[1.665s] -- Up-to-date: /home/cecilia/Documentos/github/meu_workspace/install/turtlesim/share/turtlesim/cmake/export_turtlesim__rosidl_typesupport_fastrtps_cExport.cmake
[1.665s] -- Up-to-date: /home/cecilia/Documentos/github/meu_workspace/install/turtlesim/share/turtlesim/cmake/export_turtlesim__rosidl_typesupport_fastrtps_cExport-noconfig.cmake
[1.666s] -- Up-to-date: /home/cecilia/Documentos/github/meu_workspace/install/turtlesim/share/turtlesim/cmake/export_turtlesim__rosidl_generator_cppExport.cmake
[1.666s] -- Up-to-date: /home/cecilia/Documentos/github/meu_workspace/install/turtlesim/share/turtlesim/cmake/export_turtlesim__rosidl_typesupport_fastrtps_cppExport.cmake
[1.666s] -- Up-to-date: /home/cecilia/Documentos/github/meu_workspace/install/turtlesim/share/turtlesim/cmake/export_turtlesim__rosidl_typesupport_fastrtps_cppExport-noconfig.cmake
[1.666s] -- Up-to-date: /home/cecilia/Documentos/github/meu_workspace/install/turtlesim/share/turtlesim/cmake/turtlesim__rosidl_typesupport_introspection_cExport.cmake
[1.666s] -- Up-to-date: /home/cecilia/Documentos/github/meu_workspace/install/turtlesim/share/turtlesim/cmake/turtlesim__rosidl_typesupport_introspection_cExport-noconfig.cmake
[1.667s] -- Up-to-date: /home/cecilia/Documentos/github/meu_workspace/install/turtlesim/share/turtlesim/cmake/turtlesim__rosidl_typesupport_cExport.cmake
[1.667s] -- Up-to-date: /home/cecilia/Documentos/github/meu_workspace/install/turtlesim/share/turtlesim/cmake/turtlesim__rosidl_typesupport_cExport-noconfig.cmake
[1.667s] -- Up-to-date: /home/cecilia/Documentos/github/meu_workspace/install/turtlesim/share/turtlesim/cmake/turtlesim__rosidl_typesupport_introspection_cppExport.cmake
[1.667s] -- Up-to-date: /home/cecilia/Documentos/github/meu_workspace/install/turtlesim/share/turtlesim/cmake/turtlesim__rosidl_typesupport_introspection_cppExport-noconfig.cmake
[1.668s] -- Up-to-date: /home/cecilia/Documentos/github/meu_workspace/install/turtlesim/share/turtlesim/cmake/turtlesim__rosidl_typesupport_cppExport.cmake
[1.668s] -- Up-to-date: /home/cecilia/Documentos/github/meu_workspace/install/turtlesim/share/turtlesim/cmake/turtlesim__rosidl_typesupport_cppExport-noconfig.cmake
[1.668s] -- Up-to-date: /home/cecilia/Documentos/github/meu_workspace/install/turtlesim/share/turtlesim/cmake/export_turtlesim__rosidl_generator_pyExport.cmake
[1.668s] -- Up-to-date: /home/cecilia/Documentos/github/meu_workspace/install/turtlesim/share/turtlesim/cmake/export_turtlesim__rosidl_generator_pyExport-noconfig.cmake
[1.669s] -- Up-to-date: /home/cecilia/Documentos/github/meu_workspace/install/turtlesim/share/turtlesim/cmake/rosidl_cmake-extras.cmake
[1.669s] -- Up-to-date: /home/cecilia/Documentos/github/meu_workspace/install/turtlesim/share/turtlesim/cmake/ament_cmake_export_dependencies-extras.cmake
[1.669s] -- Up-to-date: /home/cecilia/Documentos/github/meu_workspace/install/turtlesim/share/turtlesim/cmake/ament_cmake_export_include_directories-extras.cmake
[1.670s] -- Up-to-date: /home/cecilia/Documentos/github/meu_workspace/install/turtlesim/share/turtlesim/cmake/ament_cmake_export_libraries-extras.cmake
[1.670s] -- Up-to-date: /home/cecilia/Documentos/github/meu_workspace/install/turtlesim/share/turtlesim/cmake/ament_cmake_export_targets-extras.cmake
[1.670s] -- Up-to-date: /home/cecilia/Documentos/github/meu_workspace/install/turtlesim/share/turtlesim/cmake/rosidl_cmake_export_typesupport_targets-extras.cmake
[1.670s] -- Up-to-date: /home/cecilia/Documentos/github/meu_workspace/install/turtlesim/share/turtlesim/cmake/rosidl_cmake_export_typesupport_libraries-extras.cmake
[1.670s] -- Up-to-date: /home/cecilia/Documentos/github/meu_workspace/install/turtlesim/share/turtlesim/cmake/turtlesimConfig.cmake
[1.671s] -- Up-to-date: /home/cecilia/Documentos/github/meu_workspace/install/turtlesim/share/turtlesim/cmake/turtlesimConfig-version.cmake
[1.671s] -- Up-to-date: /home/cecilia/Documentos/github/meu_workspace/install/turtlesim/share/turtlesim/package.xml
[1.679s] Invoked command in '/home/cecilia/Documentos/github/meu_workspace/build/turtlesim' returned '0': CMAKE_PREFIX_PATH=${CMAKE_PREFIX_PATH}:/home/cecilia/Documentos/github/meu_workspace/install/ponderada_cecilia:/opt/ros/humble /usr/bin/cmake --install /home/cecilia/Documentos/github/meu_workspace/build/turtlesim
