[2.567s] Invoking command in '/home/cecilia/Documentos/github/meu_workspace/src/ponderada_cecilia': PYTHONPATH=/home/cecilia/Documentos/github/meu_workspace/build/ponderada_cecilia/prefix_override:/home/cecilia/Documentos/github/meu_workspace/install/ponderada_cecilia/lib/python3.10/site-packages:${PYTHONPATH} /usr/bin/python3 -W ignore:setup.py install is deprecated setup.py egg_info --egg-base ../../build/ponderada_cecilia build --build-base /home/cecilia/Documentos/github/meu_workspace/build/ponderada_cecilia/build install --record /home/cecilia/Documentos/github/meu_workspace/build/ponderada_cecilia/install.log --single-version-externally-managed install_data
[2.970s] running egg_info
[2.971s] writing ../../build/ponderada_cecilia/ponderada_cecilia.egg-info/PKG-INFO
[2.971s] writing dependency_links to ../../build/ponderada_cecilia/ponderada_cecilia.egg-info/dependency_links.txt
[2.972s] writing entry points to ../../build/ponderada_cecilia/ponderada_cecilia.egg-info/entry_points.txt
[2.972s] writing requirements to ../../build/ponderada_cecilia/ponderada_cecilia.egg-info/requires.txt
[2.972s] writing top-level names to ../../build/ponderada_cecilia/ponderada_cecilia.egg-info/top_level.txt
[2.976s] reading manifest file '../../build/ponderada_cecilia/ponderada_cecilia.egg-info/SOURCES.txt'
[2.977s] writing manifest file '../../build/ponderada_cecilia/ponderada_cecilia.egg-info/SOURCES.txt'
[2.977s] running build
[2.977s] running build_py
[2.977s] copying ponderada_cecilia/ponderada.py -> /home/cecilia/Documentos/github/meu_workspace/build/ponderada_cecilia/build/lib/ponderada_cecilia
[2.978s] running install
[2.979s] running install_lib
[2.980s] copying /home/cecilia/Documentos/github/meu_workspace/build/ponderada_cecilia/build/lib/ponderada_cecilia/ponderada.py -> /home/cecilia/Documentos/github/meu_workspace/install/ponderada_cecilia/lib/python3.10/site-packages/ponderada_cecilia
[2.981s] byte-compiling /home/cecilia/Documentos/github/meu_workspace/install/ponderada_cecilia/lib/python3.10/site-packages/ponderada_cecilia/ponderada.py to ponderada.cpython-310.pyc
[2.983s] running install_data
[2.983s] running install_egg_info
[2.986s] removing '/home/cecilia/Documentos/github/meu_workspace/install/ponderada_cecilia/lib/python3.10/site-packages/ponderada_cecilia-0.0.0-py3.10.egg-info' (and everything under it)
[2.986s] Copying ../../build/ponderada_cecilia/ponderada_cecilia.egg-info to /home/cecilia/Documentos/github/meu_workspace/install/ponderada_cecilia/lib/python3.10/site-packages/ponderada_cecilia-0.0.0-py3.10.egg-info
[2.988s] running install_scripts
[3.024s] Installing ponderada script to /home/cecilia/Documentos/github/meu_workspace/install/ponderada_cecilia/lib/ponderada_cecilia
[3.025s] writing list of installed files to '/home/cecilia/Documentos/github/meu_workspace/build/ponderada_cecilia/install.log'
[3.066s] Invoked command in '/home/cecilia/Documentos/github/meu_workspace/src/ponderada_cecilia' returned '0': PYTHONPATH=/home/cecilia/Documentos/github/meu_workspace/build/ponderada_cecilia/prefix_override:/home/cecilia/Documentos/github/meu_workspace/install/ponderada_cecilia/lib/python3.10/site-packages:${PYTHONPATH} /usr/bin/python3 -W ignore:setup.py install is deprecated setup.py egg_info --egg-base ../../build/ponderada_cecilia build --build-base /home/cecilia/Documentos/github/meu_workspace/build/ponderada_cecilia/build install --record /home/cecilia/Documentos/github/meu_workspace/build/ponderada_cecilia/install.log --single-version-externally-managed install_data
